<?xml version="1.0" encoding="UTF-8"?>
<testng-results ignored="0" total="14" passed="13" failed="1" skipped="0">
  <reporter-output>
  </reporter-output>
  <suite started-at="2024-02-10T16:05:43 IST" name="Suite" finished-at="2024-02-10T16:08:50 IST" duration-ms="187316">
    <groups>
      <group name="LoginScnarions">
        <method signature="QA_LegendTestCases.loginCRM()[pri:0, instance:testCases.QA_LegendTestCases@a2431d0]" name="loginCRM" class="testCases.QA_LegendTestCases"/>
        <method signature="QA_LegendTestCases.login_Negative_Scnrios(java.lang.String,java.lang.String)[pri:3, instance:testCases.QA_LegendTestCases@a2431d0]" name="login_Negative_Scnrios" class="testCases.QA_LegendTestCases"/>
        <method signature="QA_LegendTestCases.logoutCRM()[pri:2, instance:testCases.QA_LegendTestCases@a2431d0]" name="logoutCRM" class="testCases.QA_LegendTestCases"/>
      </group> <!-- LoginScnarions -->
    </groups>
    <test started-at="2024-02-10T16:05:43 IST" name="Test" finished-at="2024-02-10T16:08:50 IST" duration-ms="187316">
      <class name="testCases.QA_LegendTestCases">
        <test-method is-config="true" signature="initialization(java.lang.String)[pri:0, instance:testCases.QA_LegendTestCases@a2431d0]" started-at="2024-02-10T16:05:43 IST" name="initialization" finished-at="2024-02-10T16:05:48 IST" duration-ms="4998" status="PASS">
          <params>
            <param index="0">
              <value>
                <![CDATA[Chrome]]>
              </value>
            </param>
          </params>
          <reporter-output>
          </reporter-output>
        </test-method> <!-- initialization -->
        <test-method signature="loginCRM()[pri:0, instance:testCases.QA_LegendTestCases@a2431d0]" started-at="2024-02-10T16:05:48 IST" name="loginCRM" finished-at="2024-02-10T16:05:49 IST" duration-ms="1322" status="PASS">
          <reporter-output>
          </reporter-output>
        </test-method> <!-- loginCRM -->
        <test-method is-config="true" signature="initialization(java.lang.String)[pri:0, instance:testCases.QA_LegendTestCases@a2431d0]" started-at="2024-02-10T16:05:49 IST" name="initialization" finished-at="2024-02-10T16:05:54 IST" duration-ms="4621" status="PASS">
          <params>
            <param index="0">
              <value>
                <![CDATA[Chrome]]>
              </value>
            </param>
          </params>
          <reporter-output>
          </reporter-output>
        </test-method> <!-- initialization -->
        <test-method signature="logoutCRM()[pri:2, instance:testCases.QA_LegendTestCases@a2431d0]" started-at="2024-02-10T16:05:54 IST" name="logoutCRM" finished-at="2024-02-10T16:05:54 IST" duration-ms="577" status="PASS">
          <reporter-output>
          </reporter-output>
        </test-method> <!-- logoutCRM -->
        <test-method is-config="true" signature="initialization(java.lang.String)[pri:0, instance:testCases.QA_LegendTestCases@a2431d0]" started-at="2024-02-10T16:05:54 IST" name="initialization" finished-at="2024-02-10T16:05:59 IST" duration-ms="5062" status="PASS">
          <params>
            <param index="0">
              <value>
                <![CDATA[Chrome]]>
              </value>
            </param>
          </params>
          <reporter-output>
          </reporter-output>
        </test-method> <!-- initialization -->
        <test-method signature="login_Negative_Scnrios(java.lang.String,java.lang.String)[pri:3, instance:testCases.QA_LegendTestCases@a2431d0]" started-at="2024-02-10T16:05:59 IST" name="login_Negative_Scnrios" data-provider="test_login_credentials" finished-at="2024-02-10T16:06:04 IST" duration-ms="4392" status="PASS">
          <params>
            <param index="0">
              <value>
                <![CDATA[admin@admin.comm]]>
              </value>
            </param>
            <param index="1">
              <value>
                <![CDATA[123456789]]>
              </value>
            </param>
          </params>
          <reporter-output>
          </reporter-output>
        </test-method> <!-- login_Negative_Scnrios -->
        <test-method is-config="true" signature="initialization(java.lang.String)[pri:0, instance:testCases.QA_LegendTestCases@a2431d0]" started-at="2024-02-10T16:06:04 IST" name="initialization" finished-at="2024-02-10T16:06:10 IST" duration-ms="6745" status="PASS">
          <params>
            <param index="0">
              <value>
                <![CDATA[Chrome]]>
              </value>
            </param>
          </params>
          <reporter-output>
          </reporter-output>
        </test-method> <!-- initialization -->
        <test-method signature="login_Negative_Scnrios(java.lang.String,java.lang.String)[pri:3, instance:testCases.QA_LegendTestCases@a2431d0]" started-at="2024-02-10T16:06:10 IST" name="login_Negative_Scnrios" data-provider="test_login_credentials" finished-at="2024-02-10T16:06:15 IST" duration-ms="4529" status="PASS">
          <params>
            <param index="0">
              <value>
                <![CDATA[admin@adm.com]]>
              </value>
            </param>
            <param index="1">
              <value>
                <![CDATA[12345678]]>
              </value>
            </param>
          </params>
          <reporter-output>
          </reporter-output>
        </test-method> <!-- login_Negative_Scnrios -->
        <test-method is-config="true" signature="initialization(java.lang.String)[pri:0, instance:testCases.QA_LegendTestCases@a2431d0]" started-at="2024-02-10T16:06:15 IST" name="initialization" finished-at="2024-02-10T16:06:23 IST" duration-ms="8027" status="PASS">
          <params>
            <param index="0">
              <value>
                <![CDATA[Chrome]]>
              </value>
            </param>
          </params>
          <reporter-output>
          </reporter-output>
        </test-method> <!-- initialization -->
        <test-method signature="login_Negative_Scnrios(java.lang.String,java.lang.String)[pri:3, instance:testCases.QA_LegendTestCases@a2431d0]" started-at="2024-02-10T16:06:23 IST" name="login_Negative_Scnrios" data-provider="test_login_credentials" finished-at="2024-02-10T16:06:28 IST" duration-ms="5084" status="PASS">
          <params>
            <param index="0">
              <value>
                <![CDATA[admin@admin.com]]>
              </value>
            </param>
            <param index="1">
              <value>
                <![CDATA[123456789]]>
              </value>
            </param>
          </params>
          <reporter-output>
          </reporter-output>
        </test-method> <!-- login_Negative_Scnrios -->
        <test-method is-config="true" signature="initialization(java.lang.String)[pri:0, instance:testCases.QA_LegendTestCases@a2431d0]" started-at="2024-02-10T16:06:28 IST" name="initialization" finished-at="2024-02-10T16:06:35 IST" duration-ms="6759" status="PASS">
          <params>
            <param index="0">
              <value>
                <![CDATA[Chrome]]>
              </value>
            </param>
          </params>
          <reporter-output>
          </reporter-output>
        </test-method> <!-- initialization -->
        <test-method signature="addEvent()[pri:4, instance:testCases.QA_LegendTestCases@a2431d0]" started-at="2024-02-10T16:06:35 IST" name="addEvent" finished-at="2024-02-10T16:06:40 IST" duration-ms="5135" status="FAIL">
          <exception class="java.lang.AssertionError">
            <message>
              <![CDATA[expected ["https://qalegend.com/crm/index.php/events"] but found [https://qalegend.com/crm/index.php/events]]]>
            </message>
            <full-stacktrace>
              <![CDATA[java.lang.AssertionError: expected ["https://qalegend.com/crm/index.php/events"] but found [https://qalegend.com/crm/index.php/events]
at org.testng.Assert.fail(Assert.java:99)
at org.testng.Assert.failNotEquals(Assert.java:1037)
at org.testng.Assert.assertEqualsImpl(Assert.java:140)
at org.testng.Assert.assertEquals(Assert.java:122)
at org.testng.Assert.assertEquals(Assert.java:629)
at org.testng.Assert.assertEquals(Assert.java:639)
at testCases.QA_LegendTestCases.addEvent(QA_LegendTestCases.java:161)
at java.base/jdk.internal.reflect.NativeMethodAccessorImpl.invoke0(Native Method)
at java.base/jdk.internal.reflect.NativeMethodAccessorImpl.invoke(NativeMethodAccessorImpl.java:77)
at java.base/jdk.internal.reflect.DelegatingMethodAccessorImpl.invoke(DelegatingMethodAccessorImpl.java:43)
at java.base/java.lang.reflect.Method.invoke(Method.java:568)
at org.testng.internal.MethodInvocationHelper.invokeMethod(MethodInvocationHelper.java:133)
at org.testng.internal.TestInvoker.invokeMethod(TestInvoker.java:598)
at org.testng.internal.TestInvoker.invokeTestMethod(TestInvoker.java:173)
at org.testng.internal.MethodRunner.runInSequence(MethodRunner.java:46)
at org.testng.internal.TestInvoker$MethodInvocationAgent.invoke(TestInvoker.java:824)
at org.testng.internal.TestInvoker.invokeTestMethods(TestInvoker.java:146)
at org.testng.internal.TestMethodWorker.invokeTestMethods(TestMethodWorker.java:146)
at org.testng.internal.TestMethodWorker.run(TestMethodWorker.java:128)
at java.base/java.util.ArrayList.forEach(ArrayList.java:1511)
at org.testng.TestRunner.privateRun(TestRunner.java:794)
at org.testng.TestRunner.run(TestRunner.java:596)
at org.testng.SuiteRunner.runTest(SuiteRunner.java:377)
at org.testng.SuiteRunner.runSequentially(SuiteRunner.java:371)
at org.testng.SuiteRunner.privateRun(SuiteRunner.java:332)
at org.testng.SuiteRunner.run(SuiteRunner.java:276)
at org.testng.SuiteRunnerWorker.runSuite(SuiteRunnerWorker.java:53)
at org.testng.SuiteRunnerWorker.run(SuiteRunnerWorker.java:96)
at org.testng.TestNG.runSuitesSequentially(TestNG.java:1212)
at org.testng.TestNG.runSuitesLocally(TestNG.java:1134)
at org.testng.TestNG.runSuites(TestNG.java:1063)
at org.testng.TestNG.run(TestNG.java:1031)
at org.testng.remote.AbstractRemoteTestNG.run(AbstractRemoteTestNG.java:115)
at org.testng.remote.RemoteTestNG.initAndRun(RemoteTestNG.java:251)
at org.testng.remote.RemoteTestNG.main(RemoteTestNG.java:77)
]]>
            </full-stacktrace>
          </exception> <!-- java.lang.AssertionError -->
          <reporter-output>
          </reporter-output>
        </test-method> <!-- addEvent -->
        <test-method is-config="true" signature="initialization(java.lang.String)[pri:0, instance:testCases.QA_LegendTestCases@a2431d0]" started-at="2024-02-10T16:06:40 IST" name="initialization" finished-at="2024-02-10T16:06:54 IST" duration-ms="13413" status="PASS">
          <params>
            <param index="0">
              <value>
                <![CDATA[Chrome]]>
              </value>
            </param>
          </params>
          <reporter-output>
          </reporter-output>
        </test-method> <!-- initialization -->
        <test-method signature="addEventByQuickIcon()[pri:5, instance:testCases.QA_LegendTestCases@a2431d0]" started-at="2024-02-10T16:06:54 IST" name="addEventByQuickIcon" finished-at="2024-02-10T16:06:56 IST" duration-ms="2115" status="PASS">
          <reporter-output>
          </reporter-output>
        </test-method> <!-- addEventByQuickIcon -->
        <test-method is-config="true" signature="initialization(java.lang.String)[pri:0, instance:testCases.QA_LegendTestCases@a2431d0]" started-at="2024-02-10T16:06:56 IST" name="initialization" finished-at="2024-02-10T16:07:03 IST" duration-ms="7331" status="PASS">
          <params>
            <param index="0">
              <value>
                <![CDATA[Chrome]]>
              </value>
            </param>
          </params>
          <reporter-output>
          </reporter-output>
        </test-method> <!-- initialization -->
        <test-method signature="add_Notes()[pri:6, instance:testCases.QA_LegendTestCases@a2431d0]" started-at="2024-02-10T16:07:03 IST" name="add_Notes" finished-at="2024-02-10T16:07:13 IST" duration-ms="10219" status="PASS">
          <reporter-output>
          </reporter-output>
        </test-method> <!-- add_Notes -->
        <test-method is-config="true" signature="initialization(java.lang.String)[pri:0, instance:testCases.QA_LegendTestCases@a2431d0]" started-at="2024-02-10T16:07:13 IST" name="initialization" finished-at="2024-02-10T16:07:22 IST" duration-ms="8564" status="PASS">
          <params>
            <param index="0">
              <value>
                <![CDATA[Chrome]]>
              </value>
            </param>
          </params>
          <reporter-output>
          </reporter-output>
        </test-method> <!-- initialization -->
        <test-method signature="addNoteusingQuickIcon()[pri:7, instance:testCases.QA_LegendTestCases@a2431d0]" started-at="2024-02-10T16:07:22 IST" name="addNoteusingQuickIcon" finished-at="2024-02-10T16:07:33 IST" duration-ms="11220" status="PASS">
          <reporter-output>
          </reporter-output>
        </test-method> <!-- addNoteusingQuickIcon -->
        <test-method is-config="true" signature="initialization(java.lang.String)[pri:0, instance:testCases.QA_LegendTestCases@a2431d0]" started-at="2024-02-10T16:07:33 IST" name="initialization" finished-at="2024-02-10T16:07:39 IST" duration-ms="6201" status="PASS">
          <params>
            <param index="0">
              <value>
                <![CDATA[Chrome]]>
              </value>
            </param>
          </params>
          <reporter-output>
          </reporter-output>
        </test-method> <!-- initialization -->
        <test-method signature="message_ComposeandSend()[pri:8, instance:testCases.QA_LegendTestCases@a2431d0]" started-at="2024-02-10T16:07:39 IST" name="message_ComposeandSend" finished-at="2024-02-10T16:07:47 IST" duration-ms="7285" status="PASS">
          <reporter-output>
          </reporter-output>
        </test-method> <!-- message_ComposeandSend -->
        <test-method is-config="true" signature="initialization(java.lang.String)[pri:0, instance:testCases.QA_LegendTestCases@a2431d0]" started-at="2024-02-10T16:07:47 IST" name="initialization" finished-at="2024-02-10T16:07:53 IST" duration-ms="6345" status="PASS">
          <params>
            <param index="0">
              <value>
                <![CDATA[Chrome]]>
              </value>
            </param>
          </params>
          <reporter-output>
          </reporter-output>
        </test-method> <!-- initialization -->
        <test-method signature="add_Client()[pri:9, instance:testCases.QA_LegendTestCases@a2431d0]" started-at="2024-02-10T16:07:53 IST" name="add_Client" finished-at="2024-02-10T16:07:58 IST" duration-ms="5549" status="PASS">
          <reporter-output>
          </reporter-output>
        </test-method> <!-- add_Client -->
        <test-method is-config="true" signature="initialization(java.lang.String)[pri:0, instance:testCases.QA_LegendTestCases@a2431d0]" started-at="2024-02-10T16:07:59 IST" name="initialization" finished-at="2024-02-10T16:08:06 IST" duration-ms="7754" status="PASS">
          <params>
            <param index="0">
              <value>
                <![CDATA[Chrome]]>
              </value>
            </param>
          </params>
          <reporter-output>
          </reporter-output>
        </test-method> <!-- initialization -->
        <test-method signature="add_Item()[pri:10, instance:testCases.QA_LegendTestCases@a2431d0]" started-at="2024-02-10T16:08:06 IST" name="add_Item" finished-at="2024-02-10T16:08:12 IST" duration-ms="5315" status="PASS">
          <reporter-output>
          </reporter-output>
        </test-method> <!-- add_Item -->
        <test-method is-config="true" signature="initialization(java.lang.String)[pri:0, instance:testCases.QA_LegendTestCases@a2431d0]" started-at="2024-02-10T16:08:12 IST" name="initialization" finished-at="2024-02-10T16:08:24 IST" duration-ms="12693" status="PASS">
          <params>
            <param index="0">
              <value>
                <![CDATA[Chrome]]>
              </value>
            </param>
          </params>
          <reporter-output>
          </reporter-output>
        </test-method> <!-- initialization -->
        <test-method signature="add_Announcements()[pri:11, instance:testCases.QA_LegendTestCases@a2431d0]" started-at="2024-02-10T16:08:24 IST" name="add_Announcements" finished-at="2024-02-10T16:08:30 IST" duration-ms="5386" status="PASS">
          <reporter-output>
          </reporter-output>
        </test-method> <!-- add_Announcements -->
        <test-method is-config="true" signature="initialization(java.lang.String)[pri:0, instance:testCases.QA_LegendTestCases@a2431d0]" started-at="2024-02-10T16:08:30 IST" name="initialization" finished-at="2024-02-10T16:08:45 IST" duration-ms="15844" status="PASS">
          <params>
            <param index="0">
              <value>
                <![CDATA[Chrome]]>
              </value>
            </param>
          </params>
          <reporter-output>
          </reporter-output>
        </test-method> <!-- initialization -->
        <test-method signature="applyAndAssignLeave()[pri:12, instance:testCases.QA_LegendTestCases@a2431d0]" started-at="2024-02-10T16:08:45 IST" name="applyAndAssignLeave" finished-at="2024-02-10T16:08:50 IST" duration-ms="4478" status="PASS">
          <reporter-output>
          </reporter-output>
        </test-method> <!-- applyAndAssignLeave -->
      </class> <!-- testCases.QA_LegendTestCases -->
    </test> <!-- Test -->
  </suite> <!-- Suite -->
</testng-results>
