<?xml version="1.0" encoding="UTF-8"?>
<!-- Generated by org.testng.reporters.JUnitReportReporter -->
<testsuite hostname="DESKTOP-V7BM6IG" failures="1" tests="14" name="testCases.QA_LegendTestCases" time="186.963" errors="0" timestamp="2024-02-10T16:08:51 IST" skipped="0">
  <testcase classname="testCases.QA_LegendTestCases" name="loginCRM" time="6.320"/>
  <system-out/>
  <testcase classname="testCases.QA_LegendTestCases" name="logoutCRM" time="8.331"/>
  <system-out/>
  <testcase classname="testCases.QA_LegendTestCases" name="login_Negative_Scnrios" time="10.730"/>
  <system-out/>
  <testcase classname="testCases.QA_LegendTestCases" name="login_Negative_Scnrios" time="11.829"/>
  <system-out/>
  <testcase classname="testCases.QA_LegendTestCases" name="login_Negative_Scnrios" time="12.956"/>
  <system-out/>
  <testcase classname="testCases.QA_LegendTestCases" name="addEvent" time="18.548">
    <failure message="expected [&quot;https://qalegend.com/crm/index.php/events&quot;] but found [https://qalegend.com/crm/index.php/events]" type="java.lang.AssertionError">
      <![CDATA[java.lang.AssertionError: expected ["https://qalegend.com/crm/index.php/events"] but found [https://qalegend.com/crm/index.php/events]
at org.testng.Assert.fail(Assert.java:99)
at org.testng.Assert.failNotEquals(Assert.java:1037)
at org.testng.Assert.assertEqualsImpl(Assert.java:140)
at org.testng.Assert.assertEquals(Assert.java:122)
at org.testng.Assert.assertEquals(Assert.java:629)
at org.testng.Assert.assertEquals(Assert.java:639)
at testCases.QA_LegendTestCases.addEvent(QA_LegendTestCases.java:161)
at java.base/jdk.internal.reflect.NativeMethodAccessorImpl.invoke0(Native Method)
at java.base/jdk.internal.reflect.NativeMethodAccessorImpl.invoke(NativeMethodAccessorImpl.java:77)
at java.base/jdk.internal.reflect.DelegatingMethodAccessorImpl.invoke(DelegatingMethodAccessorImpl.java:43)
at java.base/java.lang.reflect.Method.invoke(Method.java:568)
at org.testng.internal.MethodInvocationHelper.invokeMethod(MethodInvocationHelper.java:133)
at org.testng.internal.TestInvoker.invokeMethod(TestInvoker.java:598)
at org.testng.internal.TestInvoker.invokeTestMethod(TestInvoker.java:173)
at org.testng.internal.MethodRunner.runInSequence(MethodRunner.java:46)
at org.testng.internal.TestInvoker$MethodInvocationAgent.invoke(TestInvoker.java:824)
at org.testng.internal.TestInvoker.invokeTestMethods(TestInvoker.java:146)
at org.testng.internal.TestMethodWorker.invokeTestMethods(TestMethodWorker.java:146)
at org.testng.internal.TestMethodWorker.run(TestMethodWorker.java:128)
at java.base/java.util.ArrayList.forEach(ArrayList.java:1511)
at org.testng.TestRunner.privateRun(TestRunner.java:794)
at org.testng.TestRunner.run(TestRunner.java:596)
at org.testng.SuiteRunner.runTest(SuiteRunner.java:377)
at org.testng.SuiteRunner.runSequentially(SuiteRunner.java:371)
at org.testng.SuiteRunner.privateRun(SuiteRunner.java:332)
at org.testng.SuiteRunner.run(SuiteRunner.java:276)
at org.testng.SuiteRunnerWorker.runSuite(SuiteRunnerWorker.java:53)
at org.testng.SuiteRunnerWorker.run(SuiteRunnerWorker.java:96)
at org.testng.TestNG.runSuitesSequentially(TestNG.java:1212)
at org.testng.TestNG.runSuitesLocally(TestNG.java:1134)
at org.testng.TestNG.runSuites(TestNG.java:1063)
at org.testng.TestNG.run(TestNG.java:1031)
at org.testng.remote.AbstractRemoteTestNG.run(AbstractRemoteTestNG.java:115)
at org.testng.remote.RemoteTestNG.initAndRun(RemoteTestNG.java:251)
at org.testng.remote.RemoteTestNG.main(RemoteTestNG.java:77)
]]>
    </failure>
  </testcase> <!-- addEvent -->
  <system-out/>
  <testcase classname="testCases.QA_LegendTestCases" name="addEventByQuickIcon" time="7.177"/>
  <system-out/>
  <testcase classname="testCases.QA_LegendTestCases" name="add_Notes" time="22.912"/>
  <system-out/>
  <testcase classname="testCases.QA_LegendTestCases" name="addNoteusingQuickIcon" time="17.979"/>
  <system-out/>
  <testcase classname="testCases.QA_LegendTestCases" name="message_ComposeandSend" time="23.129"/>
  <system-out/>
  <testcase classname="testCases.QA_LegendTestCases" name="add_Client" time="12.880"/>
  <system-out/>
  <testcase classname="testCases.QA_LegendTestCases" name="add_Item" time="13.342"/>
  <system-out/>
  <testcase classname="testCases.QA_LegendTestCases" name="add_Announcements" time="11.731"/>
  <system-out/>
  <testcase classname="testCases.QA_LegendTestCases" name="applyAndAssignLeave" time="9.099"/>
  <system-out/>
</testsuite> <!-- testCases.QA_LegendTestCases -->
